<!DOCTYPE html PUBLIC "-//W3C//DTD XHTML 1.1//EN" "https://www.w3.org/TR/xhtml11/DTD/xhtml11.dtd">
<html xmlns="https://www.w3.org/1999/xhtml">
<head>
<meta http-equiv="content-type" content="text/html; charset=UTF-8"/>
<title>TestNG Report</title>
<style type="text/css">table {margin-bottom:10px;border-collapse:collapse;empty-cells:show}th,td {border:1px solid #009;padding:.25em .5em}th {vertical-align:bottom}td {vertical-align:top}table a {font-weight:bold}.stripe td {background-color: #E6EBF9}.num {text-align:right}.passedodd td {background-color: #3F3}.passedeven td {background-color: #0A0}.skippedodd td {background-color: #DDD}.skippedeven td {background-color: #CCC}.failedodd td,.attn {background-color: #F33}.failedeven td,.stripe .attn {background-color: #D00}.stacktrace {white-space:pre;font-family:monospace}.totop {font-size:85%;text-align:center;border-bottom:2px solid #000}.invisible {display:none}</style>
</head>
<body>
<table>
<tr><th>Test</th><th># Passed</th><th># Skipped</th><th># Retried</th><th># Failed</th><th>Time (ms)</th><th>Included Groups</th><th>Excluded Groups</th></tr>
<tr><th colspan="8">Suite</th></tr>
<tr><td><a href="#t0">Test</a></td><td class="num">11</td><td class="num">0</td><td class="num">0</td><td class="num attn">5</td><td class="num">1,269,406</td><td></td><td></td></tr>
</table>
<table id='summary'><thead><tr><th>Class</th><th>Method</th><th>Start</th><th>Time (ms)</th></tr></thead><tbody><tr><th colspan="4">Suite</th></tr></tbody><tbody id="t0"><tr><th colspan="4">Test &#8212; failed</th></tr><tr class="failedeven"><td rowspan="3">testCases.checkInpageTestCase</td><td><a href="#m0">checkInTestCase</a></td><td rowspan="3">1686537932476</td><td rowspan="3">15519</td></tr><tr class="failedeven"><td><a href="#m1">checkInTestCase</a></td></tr><tr class="failedeven"><td><a href="#m2">checkInTestCase</a></td></tr><tr class="failedodd"><td rowspan="1">testCases.oneWayTripTestCases</td><td><a href="#m3">oneWayTripTestcases</a></td><td rowspan="1">1686537351923</td><td rowspan="1">12879</td></tr><tr class="failedeven"><td rowspan="1">testCases.signupPageTestcase</td><td><a href="#m4">signUppagetestcases</a></td><td rowspan="1">1686537536080</td><td rowspan="1">49111</td></tr><tr><th colspan="4">Test &#8212; passed</th></tr><tr class="passedeven"><td rowspan="1">testCases.addOnsPageTestCase</td><td><a href="#m5">addOnsPageTC</a></td><td rowspan="1">1686538042279</td><td rowspan="1">143795</td></tr><tr class="passedodd"><td rowspan="3">testCases.flightStatusTestCase</td><td><a href="#m6">flightStatuspageTestCase</a></td><td rowspan="3">1686537644434</td><td rowspan="3">14679</td></tr><tr class="passedodd"><td><a href="#m7">flightStatuspageTestCase</a></td></tr><tr class="passedodd"><td><a href="#m8">flightStatuspageTestCase</a></td></tr><tr class="passedeven"><td rowspan="1">testCases.loginPageTestCases</td><td><a href="#m9">loginPagetestcases</a></td><td rowspan="1">1686536977016</td><td rowspan="1">10520</td></tr><tr class="passedodd"><td rowspan="3">testCases.manageBookingTestCase</td><td><a href="#m10">manageBookingpageTestCase</a></td><td rowspan="3">1686537219788</td><td rowspan="3">42534</td></tr><tr class="passedodd"><td><a href="#m11">manageBookingpageTestCase</a></td></tr><tr class="passedodd"><td><a href="#m12">manageBookingpageTestCase</a></td></tr><tr class="passedeven"><td rowspan="1">testCases.passengerPageTestCase</td><td><a href="#m13">passengerPgeTestCase</a></td><td rowspan="1">1686537386250</td><td rowspan="1">119807</td></tr><tr class="passedodd"><td rowspan="1">testCases.paymentPageTestCases</td><td><a href="#m14">payMentTC</a></td><td rowspan="1">1686537715994</td><td rowspan="1">193344</td></tr><tr class="passedeven"><td rowspan="1">testCases.roundTripePageTestCase</td><td><a href="#m15">oneWayTripTestcases</a></td><td rowspan="1">1686537015267</td><td rowspan="1">105253</td></tr></tbody>
</table>
<h2>Test</h2><h3 id="m0">testCases.checkInpageTestCase#checkInTestCase</h3><table class="result"><tr class="param"><th>Parameter #1</th><th>Parameter #2</th></tr><tr class="param stripe"><td>CCQU7Q</td><td>Mani</td></tr><tr><th colspan="2">Exception</th></tr><tr><td colspan="2"><div class="stacktrace">java.lang.AssertionError: expected [Check-In] but found [Check-in]
	at testCases.checkInpageTestCase.checkInTestCase(checkInpageTestCase.java:30)
	at java.base/java.util.ArrayList.forEach(ArrayList.java:1511)
... Removed 33 stack frames</div></td></tr></table><p class="totop"><a href="#summary">back to summary</a></p>
<h3 id="m1">testCases.checkInpageTestCase#checkInTestCase</h3><table class="result"><tr class="param"><th>Parameter #1</th><th>Parameter #2</th></tr><tr class="param stripe"><td>W3X3H8</td><td>meenameenu1313@gmail.com</td></tr><tr><th colspan="2">Exception</th></tr><tr><td colspan="2"><div class="stacktrace">java.lang.AssertionError: expected [Check-In] but found [Check-in]
	at testCases.checkInpageTestCase.checkInTestCase(checkInpageTestCase.java:30)
	at java.base/java.util.ArrayList.forEach(ArrayList.java:1511)
... Removed 33 stack frames</div></td></tr></table><p class="totop"><a href="#summary">back to summary</a></p>
<h3 id="m2">testCases.checkInpageTestCase#checkInTestCase</h3><table class="result"><tr class="param"><th>Parameter #1</th><th>Parameter #2</th></tr><tr class="param stripe"><td>P3X3H9</td><td>Garner</td></tr><tr><th colspan="2">Exception</th></tr><tr><td colspan="2"><div class="stacktrace">java.lang.AssertionError: expected [Check-In] but found [Check-in]
	at testCases.checkInpageTestCase.checkInTestCase(checkInpageTestCase.java:30)
	at java.base/java.util.ArrayList.forEach(ArrayList.java:1511)
... Removed 33 stack frames</div></td></tr></table><p class="totop"><a href="#summary">back to summary</a></p>
<h3 id="m3">testCases.oneWayTripTestCases#oneWayTripTestcases</h3><table class="result"><tr class="param"><th>Parameter #1</th><th>Parameter #2</th></tr><tr class="param stripe"><td>cjb</td><td>del</td></tr><tr><th colspan="2">Exception</th></tr><tr><td colspan="2"><div class="stacktrace">org.openqa.selenium.NoSuchElementException: no such element: Unable to locate element: {&quot;method&quot;:&quot;xpath&quot;,&quot;selector&quot;:&quot;//div[contains(text(),&apos;Hi Meena&apos;)]&quot;}
  (Session info: chrome=114.0.5735.110)
For documentation on this error, please visit: https://www.seleniumhq.org/exceptions/no_such_element.html
Build info: version: &apos;3.141.59&apos;, revision: &apos;e82be7d358&apos;, time: &apos;2018-11-14T08:17:03&apos;
System info: host: &apos;DESKTOP-T2AFCJB&apos;, ip: &apos;192.168.43.249&apos;, os.name: &apos;Windows 11&apos;, os.arch: &apos;amd64&apos;, os.version: &apos;10.0&apos;, java.version: &apos;17.0.6&apos;
Driver info: org.openqa.selenium.chrome.ChromeDriver
Capabilities {acceptInsecureCerts: false, browserName: chrome, browserVersion: 114.0.5735.110, chrome: {chromedriverVersion: 114.0.5735.90 (386bc09e8f4f..., userDataDir: C:\Users\Admin\AppData\Loca...}, goog:chromeOptions: {debuggerAddress: localhost:55977}, javascriptEnabled: true, networkConnectionEnabled: false, pageLoadStrategy: normal, platform: WINDOWS, platformName: WINDOWS, proxy: Proxy(), setWindowRect: true, strictFileInteractability: false, timeouts: {implicit: 0, pageLoad: 300000, script: 30000}, unhandledPromptBehavior: dismiss and notify, webauthn:extension:credBlob: true, webauthn:extension:largeBlob: true, webauthn:extension:minPinLength: true, webauthn:extension:prf: true, webauthn:virtualAuthenticators: true}
Session ID: d7fea064b91c3b9bc48acf8adc973204
*** Element info: {Using=xpath, value=//div[contains(text(),&apos;Hi Meena&apos;)]}
	at org.openqa.selenium.remote.http.W3CHttpResponseCodec.createException(W3CHttpResponseCodec.java:187)
	at org.openqa.selenium.remote.http.W3CHttpResponseCodec.decode(W3CHttpResponseCodec.java:122)
	at org.openqa.selenium.remote.http.W3CHttpResponseCodec.decode(W3CHttpResponseCodec.java:49)
	at org.openqa.selenium.remote.HttpCommandExecutor.execute(HttpCommandExecutor.java:158)
	at org.openqa.selenium.remote.service.DriverCommandExecutor.execute(DriverCommandExecutor.java:83)
	at org.openqa.selenium.remote.RemoteWebDriver.execute(RemoteWebDriver.java:552)
	at org.openqa.selenium.remote.RemoteWebDriver.findElement(RemoteWebDriver.java:323)
	at org.openqa.selenium.remote.RemoteWebDriver.findElementByXPath(RemoteWebDriver.java:428)
	at org.openqa.selenium.By$ByXPath.findElement(By.java:353)
	at org.openqa.selenium.remote.RemoteWebDriver.findElement(RemoteWebDriver.java:315)
	at testCases.loginPageTestCases.loginPagetestcases(loginPageTestCases.java:26)
	at testCases.oneWayTripTestCases.oneWayTripTestcases(oneWayTripTestCases.java:24)
	at java.base/java.util.ArrayList.forEach(ArrayList.java:1511)
... Removed 31 stack frames</div></td></tr></table><p class="totop"><a href="#summary">back to summary</a></p>
<h3 id="m4">testCases.signupPageTestcase#signUppagetestcases</h3><table class="result"><tr class="param"><th>Parameter #1</th><th>Parameter #2</th><th>Parameter #3</th><th>Parameter #4</th><th>Parameter #5</th><th>Parameter #6</th><th>Parameter #7</th></tr><tr class="param stripe"><td>Meena</td><td>Mani</td><td>20/05/1998</td><td>9751862387</td><td>meenameenu1313@gmail.com</td><td>Meenu@120899</td><td>Meenu@120899</td></tr><tr><th colspan="7">Exception</th></tr><tr><td colspan="7"><div class="stacktrace">org.openqa.selenium.NoSuchElementException: no such element: Unable to locate element: {&quot;method&quot;:&quot;xpath&quot;,&quot;selector&quot;:&quot;//div[contains(text(),&apos;Hi Meena&apos;)]&quot;}
  (Session info: chrome=114.0.5735.110)
For documentation on this error, please visit: https://www.seleniumhq.org/exceptions/no_such_element.html
Build info: version: &apos;3.141.59&apos;, revision: &apos;e82be7d358&apos;, time: &apos;2018-11-14T08:17:03&apos;
System info: host: &apos;DESKTOP-T2AFCJB&apos;, ip: &apos;192.168.43.249&apos;, os.name: &apos;Windows 11&apos;, os.arch: &apos;amd64&apos;, os.version: &apos;10.0&apos;, java.version: &apos;17.0.6&apos;
Driver info: org.openqa.selenium.chrome.ChromeDriver
Capabilities {acceptInsecureCerts: false, browserName: chrome, browserVersion: 114.0.5735.110, chrome: {chromedriverVersion: 114.0.5735.90 (386bc09e8f4f..., userDataDir: C:\Users\Admin\AppData\Loca...}, goog:chromeOptions: {debuggerAddress: localhost:56739}, javascriptEnabled: true, networkConnectionEnabled: false, pageLoadStrategy: normal, platform: WINDOWS, platformName: WINDOWS, proxy: Proxy(), setWindowRect: true, strictFileInteractability: false, timeouts: {implicit: 0, pageLoad: 300000, script: 30000}, unhandledPromptBehavior: dismiss and notify, webauthn:extension:credBlob: true, webauthn:extension:largeBlob: true, webauthn:extension:minPinLength: true, webauthn:extension:prf: true, webauthn:virtualAuthenticators: true}
Session ID: 48f6086a0cb8cd899e9d2f670ed6a401
*** Element info: {Using=xpath, value=//div[contains(text(),&apos;Hi Meena&apos;)]}
	at org.openqa.selenium.remote.http.W3CHttpResponseCodec.createException(W3CHttpResponseCodec.java:187)
	at org.openqa.selenium.remote.http.W3CHttpResponseCodec.decode(W3CHttpResponseCodec.java:122)
	at org.openqa.selenium.remote.http.W3CHttpResponseCodec.decode(W3CHttpResponseCodec.java:49)
	at org.openqa.selenium.remote.HttpCommandExecutor.execute(HttpCommandExecutor.java:158)
	at org.openqa.selenium.remote.service.DriverCommandExecutor.execute(DriverCommandExecutor.java:83)
	at org.openqa.selenium.remote.RemoteWebDriver.execute(RemoteWebDriver.java:552)
	at org.openqa.selenium.remote.RemoteWebDriver.findElement(RemoteWebDriver.java:323)
	at org.openqa.selenium.remote.RemoteWebDriver.findElementByXPath(RemoteWebDriver.java:428)
	at org.openqa.selenium.By$ByXPath.findElement(By.java:353)
	at org.openqa.selenium.remote.RemoteWebDriver.findElement(RemoteWebDriver.java:315)
	at testCases.signupPageTestcase.signUppagetestcases(signupPageTestcase.java:26)
	at java.base/java.util.ArrayList.forEach(ArrayList.java:1511)
... Removed 31 stack frames</div></td></tr></table><p class="totop"><a href="#summary">back to summary</a></p>
<h3 id="m5">testCases.addOnsPageTestCase#addOnsPageTC</h3><table class="result"><tr><th class="invisible"/></tr></table><p class="totop"><a href="#summary">back to summary</a></p>
<h3 id="m6">testCases.flightStatusTestCase#flightStatuspageTestCase</h3><table class="result"><tr class="param"><th>Parameter #1</th><th>Parameter #2</th><th>Parameter #3</th></tr><tr class="param stripe"><td>bom</td><td>dbr</td><td>115</td></tr></table><p class="totop"><a href="#summary">back to summary</a></p>
<h3 id="m7">testCases.flightStatusTestCase#flightStatuspageTestCase</h3><table class="result"><tr class="param"><th>Parameter #1</th><th>Parameter #2</th><th>Parameter #3</th></tr><tr class="param stripe"><td>del</td><td>dbr</td><td>8751</td></tr></table><p class="totop"><a href="#summary">back to summary</a></p>
<h3 id="m8">testCases.flightStatusTestCase#flightStatuspageTestCase</h3><table class="result"><tr class="param"><th>Parameter #1</th><th>Parameter #2</th><th>Parameter #3</th></tr><tr class="param stripe"><td>cjb</td><td>del</td><td>8373</td></tr></table><p class="totop"><a href="#summary">back to summary</a></p>
<h3 id="m9">testCases.loginPageTestCases#loginPagetestcases</h3><table class="result"><tr class="param"><th>Parameter #1</th><th>Parameter #2</th></tr><tr class="param stripe"><td>9751862387</td><td>Meenu@120899</td></tr></table><p class="totop"><a href="#summary">back to summary</a></p>
<h3 id="m10">testCases.manageBookingTestCase#manageBookingpageTestCase</h3><table class="result"><tr class="param"><th>Parameter #1</th><th>Parameter #2</th></tr><tr class="param stripe"><td>W3X3H8</td><td>meenameenu1313@gmail.com</td></tr></table><p class="totop"><a href="#summary">back to summary</a></p>
<h3 id="m11">testCases.manageBookingTestCase#manageBookingpageTestCase</h3><table class="result"><tr class="param"><th>Parameter #1</th><th>Parameter #2</th></tr><tr class="param stripe"><td>P3X3H9</td><td>Garner</td></tr></table><p class="totop"><a href="#summary">back to summary</a></p>
<h3 id="m12">testCases.manageBookingTestCase#manageBookingpageTestCase</h3><table class="result"><tr class="param"><th>Parameter #1</th><th>Parameter #2</th></tr><tr class="param stripe"><td>CCQU7Q</td><td>Mani</td></tr></table><p class="totop"><a href="#summary">back to summary</a></p>
<h3 id="m13">testCases.passengerPageTestCase#passengerPgeTestCase</h3><table class="result"><tr class="param"><th>Parameter #1</th><th>Parameter #2</th><th>Parameter #3</th><th>Parameter #4</th><th>Parameter #5</th></tr><tr class="param stripe"><td>MEENA</td><td>MANI</td><td>9751862387</td><td>meenameenu1313@gmail.com</td><td>Coimbatore</td></tr></table><p class="totop"><a href="#summary">back to summary</a></p>
<h3 id="m14">testCases.paymentPageTestCases#payMentTC</h3><table class="result"><tr class="param"><th>Parameter #1</th><th>Parameter #2</th><th>Parameter #3</th><th>Parameter #4</th><th>Parameter #5</th></tr><tr class="param stripe"><td>5191732343975393</td><td>Hans Baum</td><td>04</td><td>2023</td><td>867</td></tr></table><p class="totop"><a href="#summary">back to summary</a></p>
<h3 id="m15">testCases.roundTripePageTestCase#oneWayTripTestcases</h3><table class="result"><tr class="param"><th>Parameter #1</th><th>Parameter #2</th></tr><tr class="param stripe"><td>cjb</td><td>del</td></tr></table><p class="totop"><a href="#summary">back to summary</a></p>
</body>
</html>
